<?xml version="1.0" encoding="UTF-8"?>
<testsuite xmlns:xsi="http://www.w3.org/2001/XMLSchema-instance" xsi:noNamespaceSchemaLocation="https://maven.apache.org/surefire/maven-surefire-plugin/xsd/surefire-test-report.xsd" name="com.hype.eventservice.api.event.EventServiceTest" time="0.919" tests="9" errors="0" skipped="0" failures="0">
  <properties>
[...]
</properties>
  <testcase name="shouldReturnError_WhenUpdateEvent" classname="com.hype.eventservice.api.event.EventServiceTest" time="0.852"/>
  <testcase name="shouldReturnError_WhenCreateEvent" classname="com.hype.eventservice.api.event.EventServiceTest" time="0.001"/>
  <testcase name="shouldReturnOk_WhenGetAllEvents" classname="com.hype.eventservice.api.event.EventServiceTest" time="0.025"/>
  <testcase name="shouldReturnOk_WhenGetEventById" classname="com.hype.eventservice.api.event.EventServiceTest" time="0.004"/>
  <testcase name="shouldReturnError_WhenGetAllEvents" classname="com.hype.eventservice.api.event.EventServiceTest" time="0.003"/>
  <testcase name="shouldReturnError_WhenGetEventById" classname="com.hype.eventservice.api.event.EventServiceTest" time="0.002"/>
  <testcase name="shouldReturnOk_WhenDeleteEvent" classname="com.hype.eventservice.api.event.EventServiceTest" time="0.003"/>
  <testcase name="shouldReturnOk_WhenUpdateEvent" classname="com.hype.eventservice.api.event.EventServiceTest" time="0.002"/>
  <testcase name="shouldReturnOk_WhenCreateEvent" classname="com.hype.eventservice.api.event.EventServiceTest" time="0.002"/>
</testsuite>